{"C:\\Users\\USER\\Desktop\\endava-project\\frontend\\src\\pages\\Watchlist.tsx": {"path":"C:\\Users\\USER\\Desktop\\endava-project\\frontend\\src\\pages\\Watchlist.tsx","statementMap":{"0":{"start":{"line":6,"column":0},"end":{"line":6,"column":24}},"1":{"start":{"line":1,"column":0},"end":{"line":1,"column":44}},"2":{"start":{"line":3,"column":0},"end":{"line":3,"column":47}},"3":{"start":{"line":4,"column":0},"end":{"line":4,"column":40}},"4":{"start":{"line":7,"column":36},"end":{"line":7,"column":59}},"5":{"start":{"line":8,"column":19},"end":{"line":8,"column":32}},"6":{"start":{"line":10,"column":24},"end":{"line":25,"column":3}},"7":{"start":{"line":11,"column":17},"end":{"line":11,"column":26}},"8":{"start":{"line":12,"column":17},"end":{"line":12,"column":33}},"9":{"start":{"line":13,"column":4},"end":{"line":16,"column":5}},"10":{"start":{"line":14,"column":6},"end":{"line":14,"column":23}},"11":{"start":{"line":15,"column":6},"end":{"line":15,"column":13}},"12":{"start":{"line":18,"column":25},"end":{"line":18,"column":48}},"13":{"start":{"line":19,"column":19},"end":{"line":19,"column":53}},"14":{"start":{"line":20,"column":4},"end":{"line":24,"column":5}},"15":{"start":{"line":21,"column":6},"end":{"line":21,"column":39}},"16":{"start":{"line":23,"column":6},"end":{"line":23,"column":23}},"17":{"start":{"line":27,"column":2},"end":{"line":35,"column":9}},"18":{"start":{"line":28,"column":24},"end":{"line":30,"column":6}},"19":{"start":{"line":29,"column":6},"end":{"line":29,"column":22}},"20":{"start":{"line":32,"column":4},"end":{"line":32,"column":20}},"21":{"start":{"line":34,"column":4},"end":{"line":34,"column":31}},"22":{"start":{"line":34,"column":17},"end":{"line":34,"column":30}},"23":{"start":{"line":37,"column":23},"end":{"line":46,"column":3}},"24":{"start":{"line":38,"column":17},"end":{"line":38,"column":26}},"25":{"start":{"line":39,"column":17},"end":{"line":39,"column":33}},"26":{"start":{"line":40,"column":4},"end":{"line":40,"column":22}},"27":{"start":{"line":40,"column":15},"end":{"line":40,"column":22}},"28":{"start":{"line":42,"column":25},"end":{"line":42,"column":48}},"29":{"start":{"line":43,"column":20},"end":{"line":43,"column":68}},"30":{"start":{"line":43,"column":52},"end":{"line":43,"column":67}},"31":{"start":{"line":44,"column":4},"end":{"line":44,"column":26}},"32":{"start":{"line":45,"column":4},"end":{"line":45,"column":64}},"33":{"start":{"line":48,"column":2},"end":{"line":106,"column":4}},"34":{"start":{"line":56,"column":25},"end":{"line":56,"column":38}},"35":{"start":{"line":66,"column":42},"end":{"line":102,"column":12}},"36":{"start":{"line":75,"column":20},"end":{"line":75,"column":101}},"37":{"start":{"line":94,"column":37},"end":{"line":94,"column":68}}},"fnMap":{"0":{"name":"Watchlist","decl":{"start":{"line":6,"column":24},"end":{"line":6,"column":33}},"loc":{"start":{"line":6,"column":33},"end":{"line":107,"column":1}}},"1":{"name":"(anonymous_1)","decl":{"start":{"line":10,"column":24},"end":{"line":10,"column":27}},"loc":{"start":{"line":10,"column":29},"end":{"line":25,"column":3}}},"2":{"name":"(anonymous_2)","decl":{"start":{"line":27,"column":12},"end":{"line":27,"column":15}},"loc":{"start":{"line":27,"column":17},"end":{"line":35,"column":3}}},"3":{"name":"(anonymous_3)","decl":{"start":{"line":28,"column":53},"end":{"line":28,"column":56}},"loc":{"start":{"line":28,"column":58},"end":{"line":30,"column":5}}},"4":{"name":"(anonymous_4)","decl":{"start":{"line":34,"column":11},"end":{"line":34,"column":14}},"loc":{"start":{"line":34,"column":17},"end":{"line":34,"column":30}}},"5":{"name":"(anonymous_5)","decl":{"start":{"line":37,"column":23},"end":{"line":37,"column":24}},"loc":{"start":{"line":37,"column":38},"end":{"line":46,"column":3}}},"6":{"name":"(anonymous_6)","decl":{"start":{"line":43,"column":37},"end":{"line":43,"column":38}},"loc":{"start":{"line":43,"column":52},"end":{"line":43,"column":67}}},"7":{"name":"(anonymous_7)","decl":{"start":{"line":56,"column":19},"end":{"line":56,"column":22}},"loc":{"start":{"line":56,"column":25},"end":{"line":56,"column":38}}},"8":{"name":"(anonymous_8)","decl":{"start":{"line":66,"column":25},"end":{"line":66,"column":26}},"loc":{"start":{"line":66,"column":41},"end":{"line":102,"column":12}}},"9":{"name":"(anonymous_9)","decl":{"start":{"line":74,"column":27},"end":{"line":74,"column":28}},"loc":{"start":{"line":74,"column":33},"end":{"line":76,"column":19}}},"10":{"name":"(anonymous_10)","decl":{"start":{"line":94,"column":31},"end":{"line":94,"column":34}},"loc":{"start":{"line":94,"column":37},"end":{"line":94,"column":68}}}},"branchMap":{"0":{"loc":{"start":{"line":13,"column":4},"end":{"line":16,"column":5}},"type":"if","locations":[{"start":{"line":13,"column":4},"end":{"line":16,"column":5}}]},"1":{"loc":{"start":{"line":20,"column":4},"end":{"line":24,"column":5}},"type":"if","locations":[{"start":{"line":20,"column":4},"end":{"line":24,"column":5}},{"start":{"line":22,"column":11},"end":{"line":24,"column":5}}]},"2":{"loc":{"start":{"line":40,"column":4},"end":{"line":40,"column":22}},"type":"if","locations":[{"start":{"line":40,"column":4},"end":{"line":40,"column":22}}]},"3":{"loc":{"start":{"line":62,"column":7},"end":{"line":103,"column":null}},"type":"cond-expr","locations":[{"start":{"line":63,"column":8},"end":{"line":63,"column":79}},{"start":{"line":65,"column":8},"end":{"line":102,"column":null}}]},"4":{"loc":{"start":{"line":70,"column":23},"end":{"line":70,"column":99}},"type":"binary-expr","locations":[{"start":{"line":70,"column":23},"end":{"line":70,"column":37}},{"start":{"line":70,"column":41},"end":{"line":70,"column":99}}]},"5":{"loc":{"start":{"line":81,"column":21},"end":{"line":81,"column":82}},"type":"cond-expr","locations":[{"start":{"line":81,"column":38},"end":{"line":81,"column":76}},{"start":{"line":81,"column":79},"end":{"line":81,"column":82}}]},"6":{"loc":{"start":{"line":67,"column":22},"end":{"line":67,"column":80}},"type":"cond-expr","locations":[{"start":{"line":67,"column":39},"end":{"line":67,"column":43}},{"start":{"line":67,"column":43},"end":{"line":67,"column":80}}]},"7":{"loc":{"start":{"line":67,"column":22},"end":{"line":67,"column":43}},"type":"binary-expr","locations":[{"start":{"line":67,"column":22},"end":{"line":67,"column":43}},{"start":{"line":67,"column":39},"end":{"line":67,"column":43}}]}},"s":{"0":1,"1":1,"2":1,"3":1,"4":7,"5":7,"6":7,"7":6,"8":6,"9":6,"10":0,"11":0,"12":6,"13":6,"14":6,"15":4,"16":2,"17":7,"18":3,"19":3,"20":3,"21":3,"22":3,"23":7,"24":1,"25":1,"26":1,"27":0,"28":1,"29":1,"30":1,"31":1,"32":1,"33":7,"34":0,"35":2,"36":0,"37":1},"f":{"0":7,"1":6,"2":3,"3":3,"4":3,"5":1,"6":1,"7":0,"8":2,"9":0,"10":1},"b":{"0":[0],"1":[4,2],"2":[0],"3":[5,2],"4":[2,2],"5":[2,0],"6":[2,0],"7":[2,2]}}
}
