TN:
SF:src\pages\Watchlist.tsx
FN:6,Watchlist
FN:10,(anonymous_1)
FN:27,(anonymous_2)
FN:28,(anonymous_3)
FN:34,(anonymous_4)
FN:37,(anonymous_5)
FN:43,(anonymous_6)
FN:56,(anonymous_7)
FN:66,(anonymous_8)
FN:74,(anonymous_9)
FN:94,(anonymous_10)
FNF:11
FNH:9
FNDA:7,Watchlist
FNDA:6,(anonymous_1)
FNDA:3,(anonymous_2)
FNDA:3,(anonymous_3)
FNDA:3,(anonymous_4)
FNDA:1,(anonymous_5)
FNDA:1,(anonymous_6)
FNDA:0,(anonymous_7)
FNDA:2,(anonymous_8)
FNDA:0,(anonymous_9)
FNDA:1,(anonymous_10)
DA:1,1
DA:3,1
DA:4,1
DA:6,1
DA:7,7
DA:8,7
DA:10,7
DA:11,6
DA:12,6
DA:13,6
DA:14,0
DA:15,0
DA:18,6
DA:19,6
DA:20,6
DA:21,4
DA:23,2
DA:27,7
DA:28,3
DA:29,3
DA:32,3
DA:34,3
DA:37,7
DA:38,1
DA:39,1
DA:40,1
DA:42,1
DA:43,1
DA:44,1
DA:45,1
DA:48,7
DA:56,0
DA:66,2
DA:75,0
DA:94,1
LF:35
LH:31
BRDA:13,0,0,0
BRDA:20,1,0,4
BRDA:20,1,1,2
BRDA:40,2,0,0
BRDA:62,3,0,5
BRDA:62,3,1,2
BRDA:70,4,0,2
BRDA:70,4,1,2
BRDA:81,5,0,2
BRDA:81,5,1,0
BRDA:67,6,0,2
BRDA:67,6,1,0
BRDA:67,7,0,2
BRDA:67,7,1,2
BRF:14
BRH:10
end_of_record
